[2022-07-19T17:05:42.497] [INFO] default - Acceso a: ruta /api/v1/products y método GET correcto
[2022-07-19T17:05:53.607] [INFO] default - Acceso a: ruta /api/v1/products y método GET correcto
[2022-07-19T18:36:19.369] [INFO] default - Acceso a: ruta /api/v1/products y método GET correcto
[2022-07-19T18:36:34.224] [INFO] default - Acceso a: ruta /api/v2/products y método GET correcto
[2022-07-19T18:36:52.261] [INFO] default - Acceso a: ruta /api/v1/products y método GET correcto
[2022-07-19T21:18:01.358] [INFO] default - Server is running in fork mode on port 3000
[2022-07-19T21:18:10.531] [INFO] default - Server is running in fork mode on port 3000
[2022-07-19T21:18:16.539] [INFO] default - Server is running in fork mode on port 3000
[2022-07-19T21:18:26.459] [INFO] default - Server is running in fork mode on port 3000
[2022-07-19T21:18:28.160] [INFO] default - Server is running in fork mode on port 3000
[2022-07-19T21:18:34.946] [INFO] default - Server is running in fork mode on port 3000
[2022-07-19T21:18:48.511] [INFO] default - Server is running in fork mode on port 3000
[2022-07-19T21:19:31.715] [INFO] default - Server is running in fork mode on port 3000
[2022-07-19T21:19:42.209] [INFO] default - Server is running in fork mode on port 3000
[2022-07-19T21:19:46.316] [INFO] default - Server is running in fork mode on port 3000
[2022-07-19T21:19:57.020] [INFO] default - Server is running in fork mode on port 3000
[2022-07-19T21:20:14.237] [INFO] default - Server is running in fork mode on port 3000
[2022-07-19T21:20:19.870] [INFO] default - Server is running in fork mode on port 3000
[2022-07-19T21:20:26.402] [INFO] default - Server is running in fork mode on port 3000
[2022-07-19T21:20:40.343] [INFO] default - Server is running in fork mode on port 3000
[2022-07-19T21:20:51.211] [INFO] default - Server is running in fork mode on port 3000
[2022-07-19T21:20:54.916] [INFO] default - Server is running in fork mode on port 3000
[2022-07-19T21:21:59.375] [INFO] default - Server is running in fork mode on port 3000
[2022-07-19T21:22:02.071] [INFO] default - Server is running in fork mode on port 3000
[2022-07-19T21:34:05.372] [INFO] default - Server is running in FORK mode on port 8080
[2022-07-19T21:34:06.876] [INFO] default - MongoDB Connected...
[2022-07-19T21:34:10.907] [INFO] default - Server is running in FORK mode on port 8080
[2022-07-19T21:34:12.390] [INFO] default - MongoDB Connected...
[2022-07-19T21:34:21.100] [INFO] default - Server is running in FORK mode on port 8080
[2022-07-19T21:34:22.517] [INFO] default - MongoDB Connected...
[2022-07-19T21:34:31.492] [INFO] default - MongoDB Connected...
[2022-07-19T21:34:31.499] [INFO] default - Server is running in FORK mode on port 8080
[2022-07-19T21:34:39.080] [INFO] default - MongoDB Connected...
[2022-07-19T21:34:39.086] [INFO] default - Server is running in FORK mode on port 8080
[2022-07-19T21:34:41.468] [INFO] default - MongoDB Connected...
[2022-07-19T21:34:41.474] [INFO] default - Server is running in FORK mode on port 8080
[2022-07-19T21:34:53.759] [INFO] default - MongoDB Connected...
[2022-07-19T21:34:53.765] [INFO] default - Server is running in FORK mode on port 8080
[2022-07-19T21:35:23.514] [INFO] default - MongoDB Connected...
[2022-07-19T21:35:23.520] [INFO] default - Server is running in FORK mode on port 8080
[2022-07-19T21:35:41.866] [INFO] default - MongoDB Connected...
[2022-07-19T21:35:41.873] [INFO] default - Server is running in FORK mode on port 8080
[2022-07-19T21:36:29.261] [INFO] default - MongoDB Connected...
[2022-07-19T21:36:29.267] [INFO] default - Server is running in FORK mode on port 8080
[2022-07-19T21:38:08.216] [INFO] default - Server is running in FORK mode on port 8080
[2022-07-19T21:38:10.411] [INFO] default - Server is running in FORK mode on port 8080
[2022-07-19T21:39:20.768] [INFO] default - Server is running in FORK mode on port 8080
[2022-07-19T21:39:24.408] [INFO] default - Server is running in FORK mode on port 8080
[2022-07-19T21:39:26.208] [INFO] default - Server is running in FORK mode on port 8080
[2022-07-19T21:39:28.253] [INFO] default - Server is running in FORK mode on port 8080
[2022-07-19T21:39:37.656] [INFO] default - Server is running in FORK mode on port 8080
[2022-07-19T21:39:44.501] [INFO] default - Server is running in FORK mode on port 8080
[2022-07-19T21:39:50.223] [INFO] default - Server is running in FORK mode on port 8080
[2022-07-19T21:45:14.690] [INFO] default - Server is running in FORK mode on port 8080
[2022-07-19T21:45:53.694] [INFO] default - Server is running in FORK mode on port 8080
[2022-07-20T13:44:16.225] [INFO] default - MongoDB Connected...
[2022-07-20T13:44:16.243] [INFO] default - Server is running in FORK mode on port 8080
[2022-07-20T13:44:21.566] [INFO] default - MongoDB Connected...
[2022-07-20T13:44:21.574] [INFO] default - Server is running in FORK mode on port 8080
[2022-07-20T13:44:41.144] [INFO] default - Acceso a: ruta /api/v1/products y método GET correcto
[2022-07-20T13:45:38.415] [INFO] default - MongoDB Connected...
[2022-07-20T13:45:38.430] [INFO] default - Server is running in FORK mode on port 8080
[2022-07-20T13:45:45.230] [INFO] default - MongoDB Connected...
[2022-07-20T13:45:45.237] [INFO] default - Server is running in FORK mode on port 8080
[2022-07-20T14:03:48.515] [INFO] default - MongoDB Connected...
[2022-07-20T14:03:48.531] [INFO] default - Server is running in FORK mode on port 8080
[2022-07-20T14:03:52.363] [INFO] default - MongoDB Connected...
[2022-07-20T14:03:52.375] [INFO] default - Server is running in FORK mode on port 8080
[2022-07-20T14:04:06.894] [INFO] default - Acceso a: ruta /api/v1/products y método GET correcto
[2022-07-20T14:04:18.776] [INFO] default - MongoDB Connected...
[2022-07-20T14:04:18.795] [INFO] default - Server is running in FORK mode on port 8080
[2022-07-20T16:51:15.624] [INFO] default - MongoDB Connected...
[2022-07-20T16:51:15.633] [INFO] default - Server is running in FORK mode on port 8080
[2022-07-20T16:52:21.000] [INFO] default - MongoDB Connected...
[2022-07-20T16:52:21.013] [INFO] default - Server is running in FORK mode on port 8080
[2022-07-20T16:52:43.141] [INFO] default - MongoDB Connected...
[2022-07-20T16:52:43.158] [INFO] default - Server is running in FORK mode on port 3000
[2022-07-20T16:53:05.265] [INFO] default - Acceso a: ruta /api/v1/products y método GET correcto
[2022-07-20T16:53:54.940] [INFO] default - MongoDB Connected...
[2022-07-20T16:53:54.977] [INFO] default - Server is running in FORK mode on port 3000
[2022-07-20T16:54:21.547] [INFO] default - MongoDB Connected...
[2022-07-20T16:54:21.555] [INFO] default - Server is running in FORK mode on port 3000
[2022-07-20T16:54:28.391] [INFO] default - MongoDB Connected...
[2022-07-20T16:54:30.747] [INFO] default - MongoDB Connected...
[2022-07-20T16:54:42.180] [INFO] default - MongoDB Connected...
[2022-07-20T16:54:42.191] [INFO] default - Server is running in FORK mode on port 3000
[2022-07-20T16:55:43.540] [INFO] default - MongoDB Connected...
[2022-07-20T16:55:43.548] [INFO] default - Server is running in FORK mode on port 3000
[2022-07-20T16:55:52.320] [INFO] default - MongoDB Connected...
[2022-07-20T16:55:52.330] [INFO] default - Server is running in FORK mode on port 3000
[2022-07-20T16:56:02.746] [INFO] default - MongoDB Connected...
[2022-07-20T16:56:02.754] [INFO] default - Server is running in FORK mode on port 3000
[2022-07-20T16:56:05.620] [INFO] default - MongoDB Connected...
[2022-07-20T16:56:05.629] [INFO] default - Server is running in FORK mode on port 3000
[2022-07-20T16:56:16.709] [INFO] default - MongoDB Connected...
[2022-07-20T16:56:16.717] [INFO] default - Server is running in FORK mode on port 3000
[2022-07-20T16:56:20.588] [INFO] default - MongoDB Connected...
[2022-07-20T16:56:20.597] [INFO] default - Server is running in FORK mode on port 3000
[2022-07-20T16:56:32.482] [INFO] default - MongoDB Connected...
[2022-07-20T16:56:32.489] [INFO] default - Server is running in FORK mode on port 3000
[2022-07-20T16:56:40.292] [INFO] default - MongoDB Connected...
[2022-07-20T16:56:40.300] [INFO] default - Server is running in FORK mode on port 3000
[2022-07-20T16:56:52.981] [INFO] default - MongoDB Connected...
[2022-07-20T16:56:52.989] [INFO] default - Server is running in FORK mode on port 3000
[2022-07-20T16:56:58.716] [INFO] default - MongoDB Connected...
[2022-07-20T16:56:58.724] [INFO] default - Server is running in FORK mode on port 3000
[2022-07-20T16:57:07.436] [INFO] default - MongoDB Connected...
[2022-07-20T16:57:07.444] [INFO] default - Server is running in FORK mode on port 3000
[2022-07-20T16:57:11.127] [INFO] default - MongoDB Connected...
[2022-07-20T16:57:11.136] [INFO] default - Server is running in FORK mode on port 3000
[2022-07-20T16:57:21.752] [INFO] default - MongoDB Connected...
[2022-07-20T16:57:21.759] [INFO] default - Server is running in FORK mode on port 3000
[2022-07-20T16:57:34.762] [INFO] default - MongoDB Connected...
[2022-07-20T16:57:34.771] [INFO] default - Server is running in FORK mode on port 3000
[2022-07-20T16:57:38.808] [INFO] default - MongoDB Connected...
[2022-07-20T16:57:38.816] [INFO] default - Server is running in FORK mode on port 3000
[2022-07-20T16:58:18.527] [INFO] default - MongoDB Connected...
[2022-07-20T16:58:18.535] [INFO] default - Server is running in FORK mode on port 3000
[2022-07-20T16:59:18.028] [INFO] default - MongoDB Connected...
[2022-07-20T16:59:18.040] [INFO] default - Server is running in FORK mode on port 3000
[2022-07-20T16:59:25.884] [INFO] default - MongoDB Connected...
[2022-07-20T16:59:25.891] [INFO] default - Server is running in FORK mode on port 3000
[2022-07-20T16:59:48.241] [INFO] default - MongoDB Connected...
[2022-07-20T16:59:48.249] [INFO] default - Server is running in FORK mode on port 3000
[2022-07-20T16:59:53.813] [INFO] default - MongoDB Connected...
[2022-07-20T16:59:53.821] [INFO] default - Server is running in FORK mode on port 3000
[2022-07-20T17:00:10.802] [INFO] default - MongoDB Connected...
[2022-07-20T17:00:10.813] [INFO] default - Server is running in FORK mode on port 3000
[2022-07-20T17:03:59.967] [INFO] default - Acceso a: ruta /api/v1/products/62c3c91216d341410634e147 y método GET correcto
[2022-07-20T17:04:11.821] [INFO] default - MongoDB Connected...
[2022-07-20T17:04:11.829] [INFO] default - Server is running in FORK mode on port 3000
[2022-07-20T17:04:24.381] [INFO] default - Acceso a: ruta /api/v1/products/ y método GET correcto
[2022-07-20T17:04:27.951] [INFO] default - Acceso a: ruta /api/v1/products/62c3c91216d341410634e147 y método GET correcto
[2022-07-20T17:04:42.730] [INFO] default - MongoDB Connected...
[2022-07-20T17:04:42.742] [INFO] default - Server is running in FORK mode on port 3000
[2022-07-20T17:04:42.751] [INFO] default - Acceso a: ruta /api/v1/products/62c3c91216d341410634e147 y método GET correcto
[2022-07-20T17:04:49.075] [INFO] default - MongoDB Connected...
[2022-07-20T17:04:49.088] [INFO] default - Server is running in FORK mode on port 3000
[2022-07-20T17:05:13.628] [INFO] default - MongoDB Connected...
[2022-07-20T17:05:13.635] [INFO] default - Server is running in FORK mode on port 3000
[2022-07-20T17:05:29.231] [INFO] default - MongoDB Connected...
[2022-07-20T17:05:29.240] [INFO] default - Server is running in FORK mode on port 3000
[2022-07-20T17:05:41.028] [INFO] default - MongoDB Connected...
[2022-07-20T17:05:41.035] [INFO] default - Server is running in FORK mode on port 3000
[2022-07-20T17:05:47.569] [INFO] default - MongoDB Connected...
[2022-07-20T17:05:56.284] [INFO] default - MongoDB Connected...
[2022-07-20T17:05:56.296] [INFO] default - Server is running in FORK mode on port 3000
[2022-07-20T17:06:00.910] [INFO] default - MongoDB Connected...
[2022-07-20T17:06:00.919] [INFO] default - Server is running in FORK mode on port 3000
[2022-07-20T17:06:09.404] [INFO] default - MongoDB Connected...
[2022-07-20T17:06:09.412] [INFO] default - Server is running in FORK mode on port 3000
[2022-07-20T17:06:19.776] [INFO] default - MongoDB Connected...
[2022-07-20T17:06:19.784] [INFO] default - Server is running in FORK mode on port 3000
[2022-07-20T17:06:24.938] [INFO] default - MongoDB Connected...
[2022-07-20T17:06:24.945] [INFO] default - Server is running in FORK mode on port 3000
[2022-07-20T17:06:31.314] [INFO] default - MongoDB Connected...
[2022-07-20T17:06:31.323] [INFO] default - Server is running in FORK mode on port 3000
[2022-07-20T17:06:37.190] [INFO] default - MongoDB Connected...
[2022-07-20T17:06:37.198] [INFO] default - Server is running in FORK mode on port 3000
[2022-07-20T17:06:42.157] [INFO] default - MongoDB Connected...
[2022-07-20T17:06:42.165] [INFO] default - Server is running in FORK mode on port 3000
[2022-07-20T17:07:05.284] [INFO] default - MongoDB Connected...
[2022-07-20T17:07:05.293] [INFO] default - Server is running in FORK mode on port 3000
[2022-07-20T17:07:21.875] [INFO] default - MongoDB Connected...
[2022-07-20T17:07:21.883] [INFO] default - Server is running in FORK mode on port 3000
[2022-07-20T17:07:28.849] [INFO] default - MongoDB Connected...
[2022-07-20T17:07:28.865] [INFO] default - Server is running in FORK mode on port 3000
[2022-07-20T17:07:41.517] [INFO] default - Acceso a: ruta /api/v1/products/62c3c91216d341410634e147 y método DELETE correcto
[2022-07-20T17:07:54.623] [INFO] default - Acceso a: ruta /api/v1/products/62c3c91216d341410634e147 y método GET correcto
[2022-07-20T17:08:25.559] [INFO] default - MongoDB Connected...
[2022-07-20T17:08:25.567] [INFO] default - Server is running in FORK mode on port 3000
[2022-07-20T17:08:37.524] [INFO] default - MongoDB Connected...
[2022-07-20T17:08:37.534] [INFO] default - Server is running in FORK mode on port 3000
[2022-07-20T17:08:37.844] [INFO] default - Acceso a: ruta /api/v1/products/62c3c91216d341410634e147 y método GET correcto
[2022-07-20T17:08:49.577] [INFO] default - MongoDB Connected...
[2022-07-20T17:08:49.584] [INFO] default - Server is running in FORK mode on port 3000
[2022-07-20T17:08:54.221] [INFO] default - MongoDB Connected...
[2022-07-20T17:08:54.229] [INFO] default - Server is running in FORK mode on port 3000
[2022-07-20T17:08:56.858] [INFO] default - Acceso a: ruta /api/v1/products/62c3c91216d341410634e147 y método GET correcto
[2022-07-20T17:09:10.610] [INFO] default - MongoDB Connected...
[2022-07-20T17:09:10.618] [INFO] default - Server is running in FORK mode on port 3000
[2022-07-20T17:09:16.392] [INFO] default - MongoDB Connected...
[2022-07-20T17:09:16.400] [INFO] default - Server is running in FORK mode on port 3000
[2022-07-20T17:09:31.304] [INFO] default - MongoDB Connected...
[2022-07-20T17:09:31.313] [INFO] default - Server is running in FORK mode on port 3000
[2022-07-20T17:09:45.101] [INFO] default - MongoDB Connected...
[2022-07-20T17:09:45.109] [INFO] default - Server is running in FORK mode on port 3000
[2022-07-20T17:09:57.569] [INFO] default - MongoDB Connected...
[2022-07-20T17:10:00.175] [INFO] default - MongoDB Connected...
[2022-07-20T17:10:11.917] [INFO] default - MongoDB Connected...
[2022-07-20T17:10:11.927] [INFO] default - Server is running in FORK mode on port 3000
[2022-07-20T17:10:21.784] [INFO] default - MongoDB Connected...
[2022-07-20T17:10:21.792] [INFO] default - Server is running in FORK mode on port 3000
[2022-07-20T17:10:27.782] [INFO] default - MongoDB Connected...
[2022-07-20T17:10:27.789] [INFO] default - Server is running in FORK mode on port 3000
[2022-07-20T17:10:34.481] [INFO] default - MongoDB Connected...
[2022-07-20T17:10:34.489] [INFO] default - Server is running in FORK mode on port 3000
[2022-07-20T17:10:43.077] [INFO] default - MongoDB Connected...
[2022-07-20T17:10:43.087] [INFO] default - Server is running in FORK mode on port 3000
[2022-07-20T17:10:50.142] [INFO] default - MongoDB Connected...
[2022-07-20T17:10:50.149] [INFO] default - Server is running in FORK mode on port 3000
[2022-07-20T17:10:52.470] [INFO] default - MongoDB Connected...
[2022-07-20T17:10:52.478] [INFO] default - Server is running in FORK mode on port 3000
[2022-07-20T17:13:08.481] [INFO] default - MongoDB Connected...
[2022-07-20T17:13:08.494] [INFO] default - Server is running in FORK mode on port 3000
[2022-07-20T17:13:11.096] [INFO] default - MongoDB Connected...
[2022-07-20T17:13:11.104] [INFO] default - Server is running in FORK mode on port 3000
[2022-07-20T17:13:18.239] [INFO] default - MongoDB Connected...
[2022-07-20T17:13:18.247] [INFO] default - Server is running in FORK mode on port 3000
[2022-07-20T17:13:54.846] [INFO] default - MongoDB Connected...
[2022-07-20T17:13:54.854] [INFO] default - Server is running in FORK mode on port 3000
[2022-07-20T17:14:06.031] [INFO] default - MongoDB Connected...
[2022-07-20T17:14:06.040] [INFO] default - Server is running in FORK mode on port 3000
[2022-07-20T17:14:09.277] [INFO] default - MongoDB Connected...
[2022-07-20T17:14:09.285] [INFO] default - Server is running in FORK mode on port 3000
[2022-07-20T17:14:17.495] [INFO] default - MongoDB Connected...
[2022-07-20T17:14:17.506] [INFO] default - Server is running in FORK mode on port 3000
[2022-07-20T17:14:28.692] [INFO] default - MongoDB Connected...
[2022-07-20T17:14:28.704] [INFO] default - Server is running in FORK mode on port 3000
[2022-07-20T17:14:39.451] [INFO] default - MongoDB Connected...
[2022-07-20T17:14:39.460] [INFO] default - Server is running in FORK mode on port 3000
[2022-07-20T17:15:41.737] [INFO] default - MongoDB Connected...
[2022-07-20T17:15:41.745] [INFO] default - Server is running in FORK mode on port 3000
[2022-07-20T17:15:44.457] [INFO] default - MongoDB Connected...
[2022-07-20T17:15:44.465] [INFO] default - Server is running in FORK mode on port 3000
[2022-07-20T17:16:01.700] [INFO] default - MongoDB Connected...
[2022-07-20T17:16:01.710] [INFO] default - Server is running in FORK mode on port 3000
[2022-07-20T17:16:08.047] [INFO] default - MongoDB Connected...
[2022-07-20T17:16:08.055] [INFO] default - Server is running in FORK mode on port 3000
[2022-07-20T17:16:22.100] [INFO] default - MongoDB Connected...
[2022-07-20T17:16:22.107] [INFO] default - Server is running in FORK mode on port 3000
[2022-07-20T17:17:18.447] [INFO] default - Acceso a: ruta /api/v1/products/ y método POST correcto
[2022-07-20T17:17:56.001] [INFO] default - MongoDB Connected...
[2022-07-20T17:17:56.010] [INFO] default - Server is running in FORK mode on port 3000
[2022-07-20T17:18:01.523] [INFO] default - MongoDB Connected...
[2022-07-20T17:18:01.534] [INFO] default - Server is running in FORK mode on port 3000
[2022-07-20T17:18:30.603] [INFO] default - MongoDB Connected...
[2022-07-20T17:18:30.611] [INFO] default - Server is running in FORK mode on port 3000
[2022-07-20T17:18:34.821] [INFO] default - MongoDB Connected...
[2022-07-20T17:18:34.832] [INFO] default - Server is running in FORK mode on port 3000
[2022-07-20T17:18:50.787] [INFO] default - MongoDB Connected...
[2022-07-20T17:18:58.627] [INFO] default - MongoDB Connected...
[2022-07-20T17:19:05.743] [INFO] default - MongoDB Connected...
[2022-07-20T17:19:05.751] [INFO] default - Server is running in FORK mode on port 3000
[2022-07-20T17:19:10.506] [INFO] default - MongoDB Connected...
[2022-07-20T17:19:10.516] [INFO] default - Server is running in FORK mode on port 3000
[2022-07-20T17:19:19.046] [INFO] default - MongoDB Connected...
[2022-07-20T17:19:19.054] [INFO] default - Server is running in FORK mode on port 3000
[2022-07-20T17:19:30.438] [INFO] default - MongoDB Connected...
[2022-07-20T17:19:30.446] [INFO] default - Server is running in FORK mode on port 3000
[2022-07-20T17:19:34.989] [INFO] default - MongoDB Connected...
[2022-07-20T17:19:34.997] [INFO] default - Server is running in FORK mode on port 3000
[2022-07-20T17:19:53.111] [INFO] default - MongoDB Connected...
[2022-07-20T17:19:53.126] [INFO] default - Server is running in FORK mode on port 3000
[2022-07-20T17:19:57.109] [INFO] default - MongoDB Connected...
[2022-07-20T17:19:57.119] [INFO] default - Server is running in FORK mode on port 3000
[2022-07-20T17:20:13.143] [INFO] default - MongoDB Connected...
[2022-07-20T17:20:13.152] [INFO] default - Server is running in FORK mode on port 3000
[2022-07-20T17:20:29.748] [INFO] default - MongoDB Connected...
[2022-07-20T17:20:29.761] [INFO] default - Server is running in FORK mode on port 3000
[2022-07-20T17:20:40.355] [INFO] default - MongoDB Connected...
[2022-07-20T17:20:40.363] [INFO] default - Server is running in FORK mode on port 3000
[2022-07-20T17:21:06.018] [INFO] default - MongoDB Connected...
[2022-07-20T17:21:06.034] [INFO] default - Server is running in FORK mode on port 3000
[2022-07-20T17:21:07.525] [INFO] default - Acceso a: ruta /api/v1/products/62d7ba0eb59dec094104d08b y método PUT correcto
[2022-07-20T17:21:20.944] [INFO] default - MongoDB Connected...
[2022-07-20T17:21:20.955] [INFO] default - Server is running in FORK mode on port 3000
[2022-07-20T17:21:22.433] [INFO] default - Acceso a: ruta /api/v1/products/62d7ba0eb59dec094104d08b y método PUT correcto
[2022-07-20T17:21:43.782] [INFO] default - MongoDB Connected...
[2022-07-20T17:21:43.794] [INFO] default - Server is running in FORK mode on port 3000
[2022-07-20T17:22:05.205] [INFO] default - MongoDB Connected...
[2022-07-20T17:22:05.213] [INFO] default - Server is running in FORK mode on port 3000
[2022-07-20T17:22:16.846] [INFO] default - MongoDB Connected...
[2022-07-20T17:22:16.853] [INFO] default - Server is running in FORK mode on port 3000
[2022-07-20T17:22:23.709] [INFO] default - MongoDB Connected...
[2022-07-20T17:22:23.725] [INFO] default - Server is running in FORK mode on port 3000
[2022-07-20T17:22:27.228] [INFO] default - MongoDB Connected...
[2022-07-20T17:22:27.242] [INFO] default - Server is running in FORK mode on port 3000
[2022-07-20T17:22:35.428] [INFO] default - MongoDB Connected...
[2022-07-20T17:22:35.459] [INFO] default - Server is running in FORK mode on port 3000
[2022-07-20T17:25:08.726] [INFO] default - MongoDB Connected...
[2022-07-20T17:25:08.733] [INFO] default - Server is running in FORK mode on port 3000
[2022-07-20T17:25:12.863] [INFO] default - MongoDB Connected...
[2022-07-20T17:25:12.880] [INFO] default - Server is running in FORK mode on port 3000
[2022-07-20T17:25:40.642] [INFO] default - MongoDB Connected...
[2022-07-20T17:25:40.651] [INFO] default - Server is running in FORK mode on port 3000
[2022-07-20T17:26:35.526] [INFO] default - MongoDB Connected...
[2022-07-20T17:26:35.536] [INFO] default - Server is running in FORK mode on port 3000
[2022-07-20T17:26:39.741] [INFO] default - Acceso a: ruta /api/v1/products/62d7ba0eb59dec094104d08b y método PUT correcto
[2022-07-20T17:26:46.957] [INFO] default - MongoDB Connected...
[2022-07-20T17:26:46.965] [INFO] default - Server is running in FORK mode on port 3000
[2022-07-20T17:27:00.615] [INFO] default - MongoDB Connected...
[2022-07-20T17:27:00.623] [INFO] default - Server is running in FORK mode on port 3000
[2022-07-20T17:27:11.862] [INFO] default - MongoDB Connected...
[2022-07-20T17:27:11.878] [INFO] default - Server is running in FORK mode on port 3000
[2022-07-20T17:27:23.648] [INFO] default - MongoDB Connected...
[2022-07-20T17:27:23.660] [INFO] default - Server is running in FORK mode on port 3000
[2022-07-20T17:27:39.019] [INFO] default - MongoDB Connected...
[2022-07-20T17:27:39.029] [INFO] default - Server is running in FORK mode on port 3000
[2022-07-20T17:27:47.326] [INFO] default - MongoDB Connected...
[2022-07-20T17:27:47.334] [INFO] default - Server is running in FORK mode on port 3000
[2022-07-20T17:27:52.965] [INFO] default - MongoDB Connected...
[2022-07-20T17:27:52.973] [INFO] default - Server is running in FORK mode on port 3000
[2022-07-20T17:28:07.841] [INFO] default - MongoDB Connected...
[2022-07-20T17:28:07.850] [INFO] default - Server is running in FORK mode on port 3000
[2022-07-20T17:29:32.759] [INFO] default - MongoDB Connected...
[2022-07-20T17:29:32.767] [INFO] default - Server is running in FORK mode on port 3000
[2022-07-20T17:29:34.009] [INFO] default - Acceso a: ruta /api/v1/products/62d7ba0eb59dec094104d08b y método PUT correcto
[2022-07-20T17:29:38.158] [INFO] default - Acceso a: ruta /api/v1/products/62d7ba0eb59dec094104d08b y método PUT correcto
[2022-07-20T17:29:41.069] [INFO] default - Acceso a: ruta /api/v1/products y método GET correcto
[2022-07-20T17:29:43.682] [INFO] default - Acceso a: ruta /api/v1/products/62c3c91216d341410634e147 y método GET correcto
[2022-07-20T17:29:50.231] [INFO] default - Acceso a: ruta /api/v1/products/62c3c91216d341410634e14c y método GET correcto
[2022-07-20T17:30:11.108] [INFO] default - MongoDB Connected...
[2022-07-20T17:30:11.115] [INFO] default - Server is running in FORK mode on port 3000
[2022-07-20T17:30:35.694] [INFO] default - MongoDB Connected...
[2022-07-20T17:30:35.701] [INFO] default - Server is running in FORK mode on port 3000
[2022-07-20T17:31:43.309] [INFO] default - MongoDB Connected...
[2022-07-20T17:31:43.317] [INFO] default - Server is running in FORK mode on port 3000
[2022-07-20T17:31:54.419] [INFO] default - MongoDB Connected...
[2022-07-20T17:31:54.431] [INFO] default - Server is running in FORK mode on port 3000
[2022-07-20T17:32:04.983] [INFO] default - MongoDB Connected...
[2022-07-20T17:32:04.993] [INFO] default - Server is running in FORK mode on port 3000
[2022-07-20T20:56:55.700] [INFO] default - MongoDB Connected...
[2022-07-20T20:56:55.732] [INFO] default - Server is running in FORK mode on port 3000
[2022-07-20T20:57:18.805] [INFO] default - MongoDB Connected...
[2022-07-20T20:57:18.820] [INFO] default - Server is running in FORK mode on port 3000
[2022-07-20T20:58:06.631] [INFO] default - MongoDB Connected...
[2022-07-20T20:58:06.640] [INFO] default - Server is running in FORK mode on port 3000
[2022-07-20T20:58:16.814] [INFO] default - MongoDB Connected...
[2022-07-20T20:58:16.825] [INFO] default - Server is running in FORK mode on port 3000
[2022-07-20T20:58:19.429] [INFO] default - MongoDB Connected...
[2022-07-20T20:58:19.445] [INFO] default - Server is running in FORK mode on port 3000
[2022-07-20T20:58:36.047] [INFO] default - MongoDB Connected...
[2022-07-20T20:58:36.055] [INFO] default - Server is running in FORK mode on port 3000
[2022-07-20T20:59:10.924] [INFO] default - MongoDB Connected...
[2022-07-20T20:59:10.932] [INFO] default - Server is running in FORK mode on port 3000
[2022-07-20T20:59:27.115] [INFO] default - MongoDB Connected...
[2022-07-20T20:59:27.146] [INFO] default - Server is running in FORK mode on port 3000
[2022-07-20T20:59:41.093] [INFO] default - MongoDB Connected...
[2022-07-20T20:59:41.103] [INFO] default - Server is running in FORK mode on port 3000
[2022-07-20T20:59:48.553] [INFO] default - MongoDB Connected...
[2022-07-20T20:59:48.564] [INFO] default - Server is running in FORK mode on port 3000
[2022-07-20T21:00:03.116] [INFO] default - MongoDB Connected...
[2022-07-20T21:00:03.124] [INFO] default - Server is running in FORK mode on port 3000
[2022-07-20T21:00:17.563] [INFO] default - MongoDB Connected...
[2022-07-20T21:00:17.570] [INFO] default - Server is running in FORK mode on port 3000
[2022-07-20T21:00:20.261] [INFO] default - MongoDB Connected...
[2022-07-20T21:00:20.277] [INFO] default - Server is running in FORK mode on port 3000
[2022-07-20T21:00:25.324] [INFO] default - MongoDB Connected...
[2022-07-20T21:00:25.336] [INFO] default - Server is running in FORK mode on port 3000
[2022-07-20T21:00:30.001] [INFO] default - MongoDB Connected...
[2022-07-20T21:00:30.013] [INFO] default - Server is running in FORK mode on port 3000
[2022-07-20T21:00:32.285] [INFO] default - MongoDB Connected...
[2022-07-20T21:00:32.299] [INFO] default - Server is running in FORK mode on port 3000
[2022-07-20T21:00:34.950] [INFO] default - MongoDB Connected...
[2022-07-20T21:00:34.962] [INFO] default - Server is running in FORK mode on port 3000
[2022-07-20T21:00:40.580] [INFO] default - MongoDB Connected...
[2022-07-20T21:00:40.592] [INFO] default - Server is running in FORK mode on port 3000
[2022-07-20T21:00:45.126] [INFO] default - MongoDB Connected...
[2022-07-20T21:00:45.136] [INFO] default - Server is running in FORK mode on port 3000
[2022-07-20T21:00:49.646] [INFO] default - MongoDB Connected...
[2022-07-20T21:00:49.656] [INFO] default - Server is running in FORK mode on port 3000
[2022-07-20T21:01:02.629] [INFO] default - MongoDB Connected...
[2022-07-20T21:01:02.637] [INFO] default - Server is running in FORK mode on port 3000
[2022-07-20T21:01:18.470] [INFO] default - MongoDB Connected...
[2022-07-20T21:01:18.477] [INFO] default - Server is running in FORK mode on port 3000
[2022-07-20T21:01:25.645] [INFO] default - MongoDB Connected...
[2022-07-20T21:01:25.654] [INFO] default - Server is running in FORK mode on port 3000
[2022-07-20T21:01:33.611] [INFO] default - MongoDB Connected...
[2022-07-20T21:01:33.620] [INFO] default - Server is running in FORK mode on port 3000
[2022-07-20T21:01:47.516] [INFO] default - MongoDB Connected...
[2022-07-20T21:01:47.531] [INFO] default - Server is running in FORK mode on port 3000
[2022-07-20T21:02:01.187] [INFO] default - MongoDB Connected...
[2022-07-20T21:02:01.204] [INFO] default - Server is running in FORK mode on port 3000
[2022-07-20T21:02:09.246] [INFO] default - MongoDB Connected...
[2022-07-20T21:02:09.254] [INFO] default - Server is running in FORK mode on port 3000
[2022-07-20T21:02:15.535] [INFO] default - MongoDB Connected...
[2022-07-20T21:02:15.543] [INFO] default - Server is running in FORK mode on port 3000
[2022-07-20T21:02:20.009] [INFO] default - MongoDB Connected...
[2022-07-20T21:02:20.017] [INFO] default - Server is running in FORK mode on port 3000
[2022-07-20T21:02:37.998] [INFO] default - MongoDB Connected...
[2022-07-20T21:02:38.007] [INFO] default - Server is running in FORK mode on port 3000
[2022-07-20T21:02:42.340] [INFO] default - MongoDB Connected...
[2022-07-20T21:02:42.348] [INFO] default - Server is running in FORK mode on port 3000
[2022-07-20T21:02:50.357] [INFO] default - MongoDB Connected...
[2022-07-20T21:02:50.365] [INFO] default - Server is running in FORK mode on port 3000
[2022-07-20T21:03:06.651] [INFO] default - MongoDB Connected...
[2022-07-20T21:03:06.661] [INFO] default - Server is running in FORK mode on port 3000
[2022-07-20T21:05:26.679] [INFO] default - MongoDB Connected...
[2022-07-20T21:05:26.687] [INFO] default - Server is running in FORK mode on port 3000
[2022-07-20T21:05:31.947] [INFO] default - MongoDB Connected...
[2022-07-20T21:05:31.955] [INFO] default - Server is running in FORK mode on port 3000
[2022-07-20T21:05:42.435] [INFO] default - MongoDB Connected...
[2022-07-20T21:05:42.447] [INFO] default - Server is running in FORK mode on port 3000
[2022-07-20T21:06:11.016] [INFO] default - MongoDB Connected...
[2022-07-20T21:06:11.027] [INFO] default - Server is running in FORK mode on port 3000
[2022-07-20T21:06:23.565] [INFO] default - MongoDB Connected...
[2022-07-20T21:06:23.576] [INFO] default - Server is running in FORK mode on port 3000
[2022-07-20T21:06:27.055] [INFO] default - MongoDB Connected...
[2022-07-20T21:06:27.064] [INFO] default - Server is running in FORK mode on port 3000
[2022-07-20T21:06:51.663] [INFO] default - MongoDB Connected...
[2022-07-20T21:06:51.672] [INFO] default - Server is running in FORK mode on port 3000
[2022-07-20T21:07:19.665] [INFO] default - MongoDB Connected...
[2022-07-20T21:07:19.675] [INFO] default - Server is running in FORK mode on port 3000
[2022-07-20T21:07:47.769] [INFO] default - MongoDB Connected...
[2022-07-20T21:07:47.780] [INFO] default - Server is running in FORK mode on port 3000
[2022-07-20T21:07:54.438] [INFO] default - MongoDB Connected...
[2022-07-20T21:07:54.450] [INFO] default - Server is running in FORK mode on port 3000
[2022-07-20T21:08:13.847] [INFO] default - MongoDB Connected...
[2022-07-20T21:08:13.855] [INFO] default - Server is running in FORK mode on port 3000
[2022-07-20T21:08:21.635] [INFO] default - MongoDB Connected...
[2022-07-20T21:08:21.643] [INFO] default - Server is running in FORK mode on port 3000
[2022-07-20T21:08:31.588] [INFO] default - MongoDB Connected...
[2022-07-20T21:08:31.597] [INFO] default - Server is running in FORK mode on port 3000
[2022-07-20T21:09:08.585] [INFO] default - MongoDB Connected...
[2022-07-20T21:09:08.593] [INFO] default - Server is running in FORK mode on port 3000
[2022-07-20T21:09:32.659] [INFO] default - MongoDB Connected...
[2022-07-20T21:09:49.510] [INFO] default - MongoDB Connected...
[2022-07-20T21:09:49.517] [INFO] default - Server is running in FORK mode on port 3000
[2022-07-20T21:10:00.905] [INFO] default - MongoDB Connected...
[2022-07-20T21:10:00.913] [INFO] default - Server is running in FORK mode on port 3000
[2022-07-20T21:10:09.580] [INFO] default - MongoDB Connected...
[2022-07-20T21:10:09.591] [INFO] default - Server is running in FORK mode on port 3000
[2022-07-20T21:10:12.328] [INFO] default - MongoDB Connected...
[2022-07-20T21:10:12.337] [INFO] default - Server is running in FORK mode on port 3000
[2022-07-20T21:10:27.394] [INFO] default - MongoDB Connected...
[2022-07-20T21:10:27.402] [INFO] default - Server is running in FORK mode on port 3000
[2022-07-20T21:10:32.774] [INFO] default - MongoDB Connected...
[2022-07-20T21:10:32.783] [INFO] default - Server is running in FORK mode on port 3000
[2022-07-20T21:10:37.189] [INFO] default - MongoDB Connected...
[2022-07-20T21:10:37.198] [INFO] default - Server is running in FORK mode on port 3000
[2022-07-20T21:10:47.149] [INFO] default - MongoDB Connected...
[2022-07-20T21:10:47.156] [INFO] default - Server is running in FORK mode on port 3000
[2022-07-20T21:11:18.109] [INFO] default - MongoDB Connected...
[2022-07-20T21:11:18.118] [INFO] default - Server is running in FORK mode on port 3000
[2022-07-20T21:11:40.017] [INFO] default - MongoDB Connected...
[2022-07-20T21:11:40.026] [INFO] default - Server is running in FORK mode on port 3000
[2022-07-20T21:12:09.775] [INFO] default - MongoDB Connected...
[2022-07-20T21:12:09.791] [INFO] default - Server is running in FORK mode on port 3000
[2022-07-20T21:12:26.704] [INFO] default - MongoDB Connected...
[2022-07-20T21:12:26.713] [INFO] default - Server is running in FORK mode on port 3000
[2022-07-20T21:12:31.020] [INFO] default - MongoDB Connected...
[2022-07-20T21:12:31.029] [INFO] default - Server is running in FORK mode on port 3000
[2022-07-20T21:13:14.187] [INFO] default - MongoDB Connected...
[2022-07-20T21:13:14.195] [INFO] default - Server is running in FORK mode on port 3000
[2022-07-20T21:13:22.300] [INFO] default - MongoDB Connected...
[2022-07-20T21:13:22.321] [INFO] default - Server is running in FORK mode on port 3000
[2022-07-20T21:13:30.427] [INFO] default - MongoDB Connected...
[2022-07-20T21:13:30.435] [INFO] default - Server is running in FORK mode on port 3000
[2022-07-20T21:13:40.711] [INFO] default - MongoDB Connected...
[2022-07-20T21:13:40.719] [INFO] default - Server is running in FORK mode on port 3000
[2022-07-20T21:14:34.588] [INFO] default - Acceso a: ruta /api/v1/carts/ y método POST correcto
[2022-07-20T21:16:05.735] [INFO] default - MongoDB Connected...
[2022-07-20T21:16:05.743] [INFO] default - Server is running in FORK mode on port 3000
[2022-07-20T21:16:27.486] [INFO] default - MongoDB Connected...
[2022-07-20T21:16:27.494] [INFO] default - Server is running in FORK mode on port 3000
[2022-07-20T21:16:36.488] [INFO] default - MongoDB Connected...
[2022-07-20T21:16:36.496] [INFO] default - Server is running in FORK mode on port 3000
[2022-07-20T21:16:49.415] [INFO] default - MongoDB Connected...
[2022-07-20T21:16:49.424] [INFO] default - Server is running in FORK mode on port 3000
[2022-07-20T21:17:04.072] [INFO] default - Acceso a: ruta /api/v1/carts/ y método POST correcto
[2022-07-20T21:17:34.566] [INFO] default - MongoDB Connected...
[2022-07-20T21:17:34.577] [INFO] default - Server is running in FORK mode on port 3000
[2022-07-20T21:18:00.653] [INFO] default - MongoDB Connected...
[2022-07-20T21:18:00.661] [INFO] default - Server is running in FORK mode on port 3000
[2022-07-20T21:18:06.195] [INFO] default - MongoDB Connected...
[2022-07-20T21:18:23.614] [INFO] default - MongoDB Connected...
[2022-07-20T21:18:23.624] [INFO] default - Server is running in FORK mode on port 3000
[2022-07-20T21:18:30.370] [INFO] default - MongoDB Connected...
[2022-07-20T21:18:30.378] [INFO] default - Server is running in FORK mode on port 3000
[2022-07-20T21:18:44.744] [INFO] default - MongoDB Connected...
[2022-07-20T21:18:44.752] [INFO] default - Server is running in FORK mode on port 3000
[2022-07-20T21:19:12.661] [INFO] default - MongoDB Connected...
[2022-07-20T21:19:12.669] [INFO] default - Server is running in FORK mode on port 3000
[2022-07-20T21:19:50.719] [INFO] default - Acceso a: ruta /api/v1/carts/62d7f24051bfe98ad2364c5e y método DELETE correcto
[2022-07-20T21:19:54.710] [INFO] default - MongoDB Connected...
[2022-07-20T21:19:54.721] [INFO] default - Server is running in FORK mode on port 3000
[2022-07-20T21:20:05.508] [INFO] default - Acceso a: ruta /api/v1/carts/ y método POST correcto
[2022-07-20T21:20:20.352] [INFO] default - Acceso a: ruta /api/v1/carts/62d7f2f5a9caa35377bb571d y método DELETE correcto
[2022-07-20T21:20:42.806] [INFO] default - MongoDB Connected...
[2022-07-20T21:20:42.816] [INFO] default - Server is running in FORK mode on port 3000
[2022-07-20T21:20:47.530] [INFO] default - MongoDB Connected...
[2022-07-20T21:20:47.540] [INFO] default - Server is running in FORK mode on port 3000
[2022-07-20T21:21:07.487] [INFO] default - MongoDB Connected...
[2022-07-20T21:21:07.498] [INFO] default - Server is running in FORK mode on port 3000
[2022-07-20T21:21:10.128] [INFO] default - Acceso a: ruta /api/v1/carts/ y método POST correcto
[2022-07-20T21:21:12.473] [INFO] default - Acceso a: ruta /api/v1/carts/ y método POST correcto
[2022-07-20T21:21:16.078] [INFO] default - Acceso a: ruta /api/v1/carts/62d7f33695c19c744fac11c5 y método DELETE correcto
[2022-07-20T21:21:25.428] [INFO] default - MongoDB Connected...
[2022-07-20T21:21:25.439] [INFO] default - Server is running in FORK mode on port 3000
[2022-07-20T21:22:16.415] [INFO] default - MongoDB Connected...
[2022-07-20T21:22:16.424] [INFO] default - Server is running in FORK mode on port 3000
[2022-07-20T21:23:00.669] [INFO] default - MongoDB Connected...
[2022-07-20T21:23:00.676] [INFO] default - Server is running in FORK mode on port 3000
[2022-07-20T21:23:32.530] [INFO] default - MongoDB Connected...
[2022-07-20T21:23:44.276] [INFO] default - MongoDB Connected...
[2022-07-20T21:23:44.285] [INFO] default - Server is running in FORK mode on port 3000
[2022-07-20T21:24:15.552] [INFO] default - MongoDB Connected...
[2022-07-20T21:24:15.560] [INFO] default - Server is running in FORK mode on port 3000
[2022-07-20T21:24:29.680] [INFO] default - MongoDB Connected...
[2022-07-20T21:24:29.688] [INFO] default - Server is running in FORK mode on port 3000
[2022-07-20T21:24:50.336] [INFO] default - MongoDB Connected...
[2022-07-20T21:24:50.343] [INFO] default - Server is running in FORK mode on port 3000
[2022-07-20T21:24:58.710] [INFO] default - MongoDB Connected...
[2022-07-20T21:24:58.718] [INFO] default - Server is running in FORK mode on port 3000
[2022-07-20T21:25:08.925] [INFO] default - MongoDB Connected...
[2022-07-20T21:25:08.935] [INFO] default - Server is running in FORK mode on port 3000
[2022-07-20T21:25:45.812] [INFO] default - MongoDB Connected...
[2022-07-20T21:25:45.824] [INFO] default - Server is running in FORK mode on port 3000
[2022-07-20T21:26:48.202] [INFO] default - MongoDB Connected...
[2022-07-20T21:26:48.213] [INFO] default - Server is running in FORK mode on port 3000
[2022-07-20T21:27:25.142] [INFO] default - MongoDB Connected...
[2022-07-20T21:27:25.150] [INFO] default - Server is running in FORK mode on port 3000
[2022-07-20T21:28:24.441] [INFO] default - Acceso a: ruta /api/v1/carts/62d7f33695c19c744fac11c5/products y método GET correcto
[2022-07-20T21:28:36.431] [INFO] default - MongoDB Connected...
[2022-07-20T21:28:36.446] [INFO] default - Server is running in FORK mode on port 3000
[2022-07-20T21:28:44.137] [INFO] default - MongoDB Connected...
[2022-07-20T21:28:44.146] [INFO] default - Server is running in FORK mode on port 3000
[2022-07-20T21:28:45.443] [INFO] default - Acceso a: ruta /api/v1/carts/62d7f33695c19c744fac11c5/products y método GET correcto
[2022-07-20T21:28:47.289] [INFO] default - Acceso a: ruta /api/v1/carts/62d7f33695c19c744fac11c5/products y método GET correcto
[2022-07-20T21:28:56.210] [INFO] default - Acceso a: ruta /api/v1/carts/ y método POST correcto
[2022-07-20T21:29:01.247] [INFO] default - Acceso a: ruta /api/v1/carts/62d7f508aa2e7f7379103124/products y método GET correcto
[2022-07-20T21:29:43.228] [INFO] default - MongoDB Connected...
[2022-07-20T21:29:43.235] [INFO] default - Server is running in FORK mode on port 3000
[2022-07-20T21:30:11.402] [INFO] default - MongoDB Connected...
[2022-07-20T21:30:11.411] [INFO] default - Server is running in FORK mode on port 3000
[2022-07-20T21:30:11.456] [INFO] default - Acceso a: ruta /api/v1/carts/62d7f508aa2e7f7379103124/products y método GET correcto
[2022-07-20T21:30:34.139] [INFO] default - MongoDB Connected...
[2022-07-20T21:30:34.147] [INFO] default - Server is running in FORK mode on port 3000
[2022-07-20T21:30:36.613] [INFO] default - MongoDB Connected...
[2022-07-20T21:30:36.622] [INFO] default - Server is running in FORK mode on port 3000
[2022-07-20T21:30:42.677] [INFO] default - MongoDB Connected...
[2022-07-20T21:30:42.686] [INFO] default - Server is running in FORK mode on port 3000
[2022-07-20T21:30:53.260] [INFO] default - MongoDB Connected...
[2022-07-20T21:30:53.269] [INFO] default - Server is running in FORK mode on port 3000
[2022-07-20T21:31:01.276] [INFO] default - MongoDB Connected...
[2022-07-20T21:31:01.285] [INFO] default - Server is running in FORK mode on port 3000
[2022-07-20T21:31:06.220] [INFO] default - MongoDB Connected...
[2022-07-20T21:31:06.229] [INFO] default - Server is running in FORK mode on port 3000
[2022-07-20T21:31:34.595] [INFO] default - MongoDB Connected...
[2022-07-20T21:31:34.603] [INFO] default - Server is running in FORK mode on port 3000
[2022-07-20T21:31:38.235] [INFO] default - MongoDB Connected...
[2022-07-20T21:31:58.784] [INFO] default - MongoDB Connected...
[2022-07-20T21:32:09.346] [INFO] default - MongoDB Connected...
[2022-07-20T21:32:15.628] [INFO] default - MongoDB Connected...
[2022-07-20T21:32:15.639] [INFO] default - Server is running in FORK mode on port 3000
[2022-07-20T21:32:21.766] [INFO] default - MongoDB Connected...
[2022-07-20T21:32:21.775] [INFO] default - Server is running in FORK mode on port 3000
[2022-07-20T21:32:50.448] [INFO] default - MongoDB Connected...
[2022-07-20T21:32:50.456] [INFO] default - Server is running in FORK mode on port 3000
[2022-07-20T21:34:06.137] [INFO] default - MongoDB Connected...
[2022-07-20T21:34:06.145] [INFO] default - Server is running in FORK mode on port 3000
[2022-07-20T21:34:19.141] [INFO] default - MongoDB Connected...
[2022-07-20T21:34:19.160] [INFO] default - Server is running in FORK mode on port 3000
[2022-07-20T21:34:27.219] [INFO] default - MongoDB Connected...
[2022-07-20T21:34:27.228] [INFO] default - Server is running in FORK mode on port 3000
[2022-07-20T21:34:51.640] [INFO] default - MongoDB Connected...
[2022-07-20T21:34:51.649] [INFO] default - Server is running in FORK mode on port 3000
[2022-07-20T21:34:59.031] [INFO] default - MongoDB Connected...
[2022-07-20T21:34:59.043] [INFO] default - Server is running in FORK mode on port 3000
[2022-07-20T21:35:38.101] [INFO] default - Acceso a: ruta /api/v1/products/62c3c91216d341410634e14c y método GET correcto
[2022-07-20T21:36:18.895] [INFO] default - MongoDB Connected...
[2022-07-20T21:36:18.904] [INFO] default - Server is running in FORK mode on port 3000
[2022-07-20T21:36:24.123] [INFO] default - MongoDB Connected...
[2022-07-20T21:36:24.133] [INFO] default - Server is running in FORK mode on port 3000
[2022-07-20T21:37:03.478] [INFO] default - MongoDB Connected...
[2022-07-20T21:37:03.486] [INFO] default - Server is running in FORK mode on port 3000
[2022-07-20T21:37:54.041] [INFO] default - MongoDB Connected...
[2022-07-20T21:37:54.055] [INFO] default - Server is running in FORK mode on port 3000
[2022-07-20T21:38:37.843] [INFO] default - MongoDB Connected...
[2022-07-20T21:38:37.853] [INFO] default - Server is running in FORK mode on port 3000
[2022-07-20T21:39:46.737] [INFO] default - MongoDB Connected...
[2022-07-20T21:39:46.745] [INFO] default - Server is running in FORK mode on port 3000
[2022-07-21T10:15:36.615] [INFO] default - MongoDB Connected...
[2022-07-21T10:15:36.628] [INFO] default - Server is running in FORK mode on port 3000
[2022-07-21T10:15:39.024] [INFO] default - Acceso a: ruta /api/v1/carts/62d7f508aa2e7f7379103124/products y método GET correcto
[2022-07-21T10:15:45.350] [INFO] default - Acceso a: ruta /api/v1/carts/62d7f508aa2e7f7379103124 y método GET correcto
[2022-07-21T10:16:08.619] [INFO] default - Acceso a: ruta /api/v1/carts/62d7f508aa2e7f7379103124/products y método GET correcto
[2022-07-21T10:16:12.593] [INFO] default - MongoDB Connected...
[2022-07-21T10:16:12.614] [INFO] default - Server is running in FORK mode on port 3000
[2022-07-21T10:17:07.762] [INFO] default - MongoDB Connected...
[2022-07-21T10:17:07.771] [INFO] default - Server is running in FORK mode on port 3000
[2022-07-21T10:17:49.781] [INFO] default - Acceso a: ruta /api/v1/carts/62d7f508aa2e7f7379103124/products y método POST correcto
[2022-07-21T10:18:07.241] [INFO] default - MongoDB Connected...
[2022-07-21T10:18:07.249] [INFO] default - Server is running in FORK mode on port 3000
[2022-07-21T10:18:08.965] [INFO] default - Acceso a: ruta /api/v1/carts/62d7f508aa2e7f7379103124/products y método POST correcto
[2022-07-21T10:18:29.871] [INFO] default - Acceso a: ruta /api/v1/carts/62d7f508aa2e7f7379103124/products y método POST correcto
[2022-07-21T10:19:03.634] [INFO] default - MongoDB Connected...
[2022-07-21T10:19:03.643] [INFO] default - Server is running in FORK mode on port 3000
[2022-07-21T10:19:19.054] [INFO] default - MongoDB Connected...
[2022-07-21T10:19:19.063] [INFO] default - Server is running in FORK mode on port 3000
[2022-07-21T10:19:22.414] [INFO] default - Acceso a: ruta /api/v1/carts/62d7f508aa2e7f7379103124/products y método POST correcto
[2022-07-21T10:20:06.712] [INFO] default - Acceso a: ruta /api/v1/carts/62d7f508aa2e7f7379103124/products y método POST correcto
[2022-07-21T10:20:38.315] [INFO] default - MongoDB Connected...
[2022-07-21T10:20:38.322] [INFO] default - Server is running in FORK mode on port 3000
[2022-07-21T10:20:41.965] [INFO] default - MongoDB Connected...
[2022-07-21T10:20:41.977] [INFO] default - Server is running in FORK mode on port 3000
[2022-07-21T10:24:06.962] [INFO] default - MongoDB Connected...
[2022-07-21T10:24:06.970] [INFO] default - Server is running in FORK mode on port 3000
[2022-07-21T10:25:13.979] [INFO] default - MongoDB Connected...
[2022-07-21T10:25:13.988] [INFO] default - Server is running in FORK mode on port 3000
[2022-07-21T10:25:18.781] [INFO] default - MongoDB Connected...
[2022-07-21T10:25:18.790] [INFO] default - Server is running in FORK mode on port 3000
[2022-07-21T10:25:33.860] [INFO] default - MongoDB Connected...
[2022-07-21T10:25:33.871] [INFO] default - Server is running in FORK mode on port 3000
[2022-07-21T10:26:22.098] [INFO] default - MongoDB Connected...
[2022-07-21T10:26:22.105] [INFO] default - Server is running in FORK mode on port 3000
[2022-07-21T10:26:28.131] [INFO] default - MongoDB Connected...
[2022-07-21T10:26:28.145] [INFO] default - Server is running in FORK mode on port 3000
[2022-07-21T10:26:30.603] [INFO] default - MongoDB Connected...
[2022-07-21T10:26:30.612] [INFO] default - Server is running in FORK mode on port 3000
[2022-07-21T10:26:36.431] [INFO] default - Acceso a: ruta /api/v1/carts/62d7f508aa2e7f7379103124/products y método POST correcto
[2022-07-21T10:27:02.412] [INFO] default - MongoDB Connected...
[2022-07-21T10:27:02.420] [INFO] default - Server is running in FORK mode on port 3000
[2022-07-21T10:27:12.780] [INFO] default - MongoDB Connected...
[2022-07-21T10:27:12.789] [INFO] default - Server is running in FORK mode on port 3000
[2022-07-21T10:27:19.861] [INFO] default - MongoDB Connected...
[2022-07-21T10:27:19.870] [INFO] default - Server is running in FORK mode on port 3000
[2022-07-21T10:27:22.658] [INFO] default - MongoDB Connected...
[2022-07-21T10:27:22.666] [INFO] default - Server is running in FORK mode on port 3000
[2022-07-21T10:27:35.716] [INFO] default - MongoDB Connected...
[2022-07-21T10:27:35.726] [INFO] default - Server is running in FORK mode on port 3000
[2022-07-21T10:27:54.449] [INFO] default - MongoDB Connected...
[2022-07-21T10:27:54.458] [INFO] default - Server is running in FORK mode on port 3000
[2022-07-21T10:28:01.456] [INFO] default - MongoDB Connected...
[2022-07-21T10:28:01.468] [INFO] default - Server is running in FORK mode on port 3000
[2022-07-21T10:28:13.185] [INFO] default - MongoDB Connected...
[2022-07-21T10:28:13.195] [INFO] default - Server is running in FORK mode on port 3000
[2022-07-21T10:28:28.985] [INFO] default - Acceso a: ruta /api/v1/carts/62d7f508aa2e7f7379103124/products y método POST correcto
[2022-07-21T10:29:12.999] [INFO] default - MongoDB Connected...
[2022-07-21T10:29:13.008] [INFO] default - Server is running in FORK mode on port 3000
[2022-07-21T10:29:13.451] [INFO] default - Acceso a: ruta /api/v1/carts/62d7f508aa2e7f7379103124/products y método POST correcto
[2022-07-21T10:30:12.095] [INFO] default - MongoDB Connected...
[2022-07-21T10:30:12.105] [INFO] default - Server is running in FORK mode on port 3000
[2022-07-21T10:30:13.627] [INFO] default - Acceso a: ruta /api/v1/carts/62d7f508aa2e7f7379103124/products y método POST correcto
[2022-07-21T10:31:09.639] [INFO] default - MongoDB Connected...
[2022-07-21T10:31:09.648] [INFO] default - Server is running in FORK mode on port 3000
[2022-07-21T10:31:12.258] [INFO] default - Acceso a: ruta /api/v1/carts/62d7f508aa2e7f7379103124/products y método POST correcto
[2022-07-21T10:32:09.248] [INFO] default - MongoDB Connected...
[2022-07-21T10:32:09.271] [INFO] default - Server is running in FORK mode on port 3000
[2022-07-21T10:32:10.902] [INFO] default - Acceso a: ruta /api/v1/carts/62d7f508aa2e7f7379103124/products y método POST correcto
[2022-07-21T10:36:00.137] [INFO] default - MongoDB Connected...
[2022-07-21T10:36:00.145] [INFO] default - Server is running in FORK mode on port 3000
[2022-07-21T10:36:18.867] [INFO] default - MongoDB Connected...
[2022-07-21T10:36:18.874] [INFO] default - Server is running in FORK mode on port 3000
[2022-07-21T10:36:27.282] [INFO] default - Acceso a: ruta /api/v1/carts/ y método POST correcto
[2022-07-21T10:36:30.720] [INFO] default - Acceso a: ruta /api/v1/carts/ y método POST correcto
[2022-07-21T10:36:43.250] [INFO] default - Acceso a: ruta /api/v1/products y método GET correcto
[2022-07-21T10:37:05.323] [INFO] default - Acceso a: ruta /api/v1/carts/62d8ad9effa213743e1575d0/products y método POST correcto
[2022-07-21T10:37:39.803] [INFO] default - Acceso a: ruta /api/v1/carts/62d8ad9effa213743e1575d0/products y método POST correcto
[2022-07-21T10:39:26.530] [INFO] default - MongoDB Connected...
[2022-07-21T10:39:26.544] [INFO] default - Server is running in FORK mode on port 3000
[2022-07-21T10:39:28.100] [INFO] default - Acceso a: ruta /api/v1/carts/62d8ad9effa213743e1575d0/products y método POST correcto
[2022-07-21T10:39:50.298] [INFO] default - MongoDB Connected...
[2022-07-21T10:39:50.307] [INFO] default - Server is running in FORK mode on port 3000
[2022-07-21T10:39:51.290] [INFO] default - Acceso a: ruta /api/v1/carts/62d8ad9effa213743e1575d0/products y método POST correcto
[2022-07-21T10:40:06.278] [INFO] default - MongoDB Connected...
[2022-07-21T10:40:06.287] [INFO] default - Server is running in FORK mode on port 3000
[2022-07-21T10:40:09.092] [INFO] default - MongoDB Connected...
[2022-07-21T10:40:09.100] [INFO] default - Server is running in FORK mode on port 3000
[2022-07-21T10:40:09.879] [INFO] default - Acceso a: ruta /api/v1/carts/62d8ad9effa213743e1575d0/products y método POST correcto
[2022-07-21T10:41:11.245] [INFO] default - MongoDB Connected...
[2022-07-21T10:41:11.253] [INFO] default - Server is running in FORK mode on port 3000
[2022-07-21T10:41:14.700] [INFO] default - Acceso a: ruta /api/v1/carts/62d8ad9effa213743e1575d0/products y método POST correcto
[2022-07-21T10:42:14.753] [INFO] default - Acceso a: ruta /api/v1/carts/62d8ad9effa213743e1575d0/products y método POST correcto
[2022-07-21T10:42:43.668] [INFO] default - MongoDB Connected...
[2022-07-21T10:42:43.676] [INFO] default - Server is running in FORK mode on port 3000
[2022-07-21T10:43:40.023] [INFO] default - Acceso a: ruta /api/v1/carts/62d8ad9effa213743e1575d0/products y método POST correcto
[2022-07-21T10:44:29.674] [INFO] default - MongoDB Connected...
[2022-07-21T10:44:29.683] [INFO] default - Server is running in FORK mode on port 3000
[2022-07-21T10:45:46.356] [INFO] default - MongoDB Connected...
[2022-07-21T10:45:46.365] [INFO] default - Server is running in FORK mode on port 3000
[2022-07-21T10:45:54.499] [INFO] default - MongoDB Connected...
[2022-07-21T10:45:54.509] [INFO] default - Server is running in FORK mode on port 3000
[2022-07-21T10:46:04.771] [INFO] default - MongoDB Connected...
[2022-07-21T10:46:04.780] [INFO] default - Server is running in FORK mode on port 3000
[2022-07-21T10:46:28.531] [INFO] default - Acceso a: ruta /api/v1/carts/62d8ad9effa213743e1575d0/products y método POST correcto
[2022-07-21T10:46:31.328] [INFO] default - Acceso a: ruta /api/v1/carts/62d8ad9effa213743e1575d0/products y método POST correcto
[2022-07-21T10:46:46.420] [INFO] default - MongoDB Connected...
[2022-07-21T10:46:46.430] [INFO] default - Server is running in FORK mode on port 3000
[2022-07-21T10:46:48.335] [INFO] default - Acceso a: ruta /api/v1/carts/62d8ad9effa213743e1575d0/products y método POST correcto
[2022-07-21T10:46:49.741] [INFO] default - Acceso a: ruta /api/v1/carts/62d8ad9effa213743e1575d0/products y método POST correcto
[2022-07-21T10:46:50.752] [INFO] default - Acceso a: ruta /api/v1/carts/62d8ad9effa213743e1575d0/products y método POST correcto
[2022-07-21T10:48:00.196] [INFO] default - MongoDB Connected...
[2022-07-21T10:48:00.205] [INFO] default - Server is running in FORK mode on port 3000
[2022-07-21T10:48:03.731] [INFO] default - MongoDB Connected...
[2022-07-21T10:48:03.741] [INFO] default - Server is running in FORK mode on port 3000
[2022-07-21T10:48:18.400] [INFO] default - MongoDB Connected...
[2022-07-21T10:48:18.408] [INFO] default - Server is running in FORK mode on port 3000
[2022-07-21T10:48:23.151] [INFO] default - MongoDB Connected...
[2022-07-21T10:48:23.161] [INFO] default - Server is running in FORK mode on port 3000
[2022-07-21T10:48:24.547] [INFO] default - Acceso a: ruta /api/v1/carts/62d8ad9effa213743e1575d0/products y método POST correcto
[2022-07-21T10:48:29.859] [INFO] default - Acceso a: ruta /api/v1/carts/62d8ad9effa213743e1575d0/products y método POST correcto
[2022-07-21T10:48:39.139] [INFO] default - MongoDB Connected...
[2022-07-21T10:48:39.147] [INFO] default - Server is running in FORK mode on port 3000
[2022-07-21T10:48:54.430] [INFO] default - MongoDB Connected...
[2022-07-21T10:48:54.440] [INFO] default - Server is running in FORK mode on port 3000
[2022-07-21T10:48:55.357] [INFO] default - Acceso a: ruta /api/v1/carts/62d8ad9effa213743e1575d0/products y método POST correcto
[2022-07-21T10:49:19.844] [INFO] default - MongoDB Connected...
[2022-07-21T10:49:19.863] [INFO] default - Server is running in FORK mode on port 3000
[2022-07-21T10:49:23.691] [INFO] default - Acceso a: ruta /api/v1/carts/62d8ad9effa213743e1575d0/products y método POST correcto
[2022-07-21T10:49:26.912] [INFO] default - Acceso a: ruta /api/v1/carts/62d8ad9effa213743e1575d0/products y método POST correcto
[2022-07-21T10:49:28.098] [INFO] default - Acceso a: ruta /api/v1/carts/62d8ad9effa213743e1575d0/products y método POST correcto
[2022-07-21T10:49:57.842] [INFO] default - MongoDB Connected...
[2022-07-21T10:49:57.850] [INFO] default - Server is running in FORK mode on port 3000
[2022-07-21T10:49:59.742] [INFO] default - Acceso a: ruta /api/v1/carts/62d8ad9effa213743e1575d0/products y método POST correcto
[2022-07-21T10:50:12.720] [INFO] default - MongoDB Connected...
[2022-07-21T10:50:12.729] [INFO] default - Server is running in FORK mode on port 3000
[2022-07-21T10:50:14.135] [INFO] default - Acceso a: ruta /api/v1/carts/62d8ad9effa213743e1575d0/products y método POST correcto
[2022-07-21T10:51:02.208] [INFO] default - MongoDB Connected...
[2022-07-21T10:51:02.216] [INFO] default - Server is running in FORK mode on port 3000
[2022-07-21T10:51:04.804] [INFO] default - Acceso a: ruta /api/v1/carts/62d8ad9effa213743e1575d0/products y método POST correcto
[2022-07-21T10:51:18.088] [INFO] default - MongoDB Connected...
[2022-07-21T10:51:18.096] [INFO] default - Server is running in FORK mode on port 3000
[2022-07-21T10:51:19.192] [INFO] default - Acceso a: ruta /api/v1/carts/62d8ad9effa213743e1575d0/products y método POST correcto
[2022-07-21T10:51:53.133] [INFO] default - MongoDB Connected...
[2022-07-21T10:51:53.142] [INFO] default - Server is running in FORK mode on port 3000
[2022-07-21T10:51:55.855] [INFO] default - MongoDB Connected...
[2022-07-21T10:51:55.863] [INFO] default - Server is running in FORK mode on port 3000
[2022-07-21T10:52:11.348] [INFO] default - MongoDB Connected...
[2022-07-21T10:52:11.356] [INFO] default - Server is running in FORK mode on port 3000
[2022-07-21T10:52:27.100] [INFO] default - Acceso a: ruta /api/v1/carts/62d8ad9effa213743e1575d0/products y método POST correcto
[2022-07-21T10:52:41.086] [INFO] default - Acceso a: ruta /api/v1/carts/62d8ad9effa213743e1575d0/products y método POST correcto
[2022-07-21T10:52:58.123] [INFO] default - MongoDB Connected...
[2022-07-21T10:52:58.134] [INFO] default - Server is running in FORK mode on port 3000
[2022-07-21T10:53:02.839] [INFO] default - Acceso a: ruta /api/v1/carts/62d8ad9effa213743e1575d0/products y método POST correcto
[2022-07-21T10:54:33.225] [INFO] default - MongoDB Connected...
[2022-07-21T10:54:33.233] [INFO] default - Server is running in FORK mode on port 3000
[2022-07-21T10:54:37.587] [INFO] default - Acceso a: ruta /api/v1/carts/62d8ad9effa213743e1575d0/products y método POST correcto
[2022-07-21T10:54:50.745] [INFO] default - Acceso a: ruta /api/v1/carts/62d8ad9effa213743e1575d0/products y método POST correcto
[2022-07-21T10:55:03.859] [INFO] default - MongoDB Connected...
[2022-07-21T10:55:03.868] [INFO] default - Server is running in FORK mode on port 3000
[2022-07-21T10:55:07.319] [INFO] default - MongoDB Connected...
[2022-07-21T10:55:07.329] [INFO] default - Server is running in FORK mode on port 3000
[2022-07-21T10:55:14.776] [INFO] default - MongoDB Connected...
[2022-07-21T10:55:14.784] [INFO] default - Server is running in FORK mode on port 3000
[2022-07-21T10:55:16.554] [INFO] default - Acceso a: ruta /api/v1/carts/62d8ad9effa213743e1575d0/products y método POST correcto
[2022-07-21T10:56:10.439] [INFO] default - MongoDB Connected...
[2022-07-21T10:56:10.448] [INFO] default - Server is running in FORK mode on port 3000
[2022-07-21T10:56:15.871] [INFO] default - MongoDB Connected...
[2022-07-21T10:56:15.879] [INFO] default - Server is running in FORK mode on port 3000
[2022-07-21T10:56:21.953] [INFO] default - MongoDB Connected...
[2022-07-21T10:56:21.963] [INFO] default - Server is running in FORK mode on port 3000
[2022-07-21T10:56:46.125] [INFO] default - Acceso a: ruta /api/v1/carts/62d8ad9effa213743e1575d0/products y método POST correcto
[2022-07-21T10:56:54.338] [INFO] default - Acceso a: ruta /api/v1/carts/62d8ad9effa213743e1575d0/products y método POST correcto
[2022-07-21T10:56:59.159] [INFO] default - Acceso a: ruta /api/v1/carts/62d8ad9effa213743e1575d0/products y método POST correcto
[2022-07-21T10:57:00.390] [INFO] default - Acceso a: ruta /api/v1/carts/62d8ad9effa213743e1575d0/products y método POST correcto
[2022-07-21T10:58:03.264] [INFO] default - MongoDB Connected...
[2022-07-21T10:58:03.272] [INFO] default - Server is running in FORK mode on port 3000
[2022-07-21T10:58:06.817] [INFO] default - MongoDB Connected...
[2022-07-21T10:58:06.825] [INFO] default - Server is running in FORK mode on port 3000
[2022-07-21T10:58:21.154] [INFO] default - MongoDB Connected...
[2022-07-21T10:58:21.163] [INFO] default - Server is running in FORK mode on port 3000
[2022-07-21T10:58:40.641] [INFO] default - MongoDB Connected...
[2022-07-21T10:58:40.659] [INFO] default - Server is running in FORK mode on port 3000
[2022-07-21T10:58:48.852] [INFO] default - MongoDB Connected...
[2022-07-21T10:58:48.860] [INFO] default - Server is running in FORK mode on port 3000
[2022-07-21T10:59:04.398] [INFO] default - MongoDB Connected...
[2022-07-21T10:59:04.405] [INFO] default - Server is running in FORK mode on port 3000
[2022-07-21T10:59:09.973] [INFO] default - MongoDB Connected...
[2022-07-21T10:59:18.799] [INFO] default - MongoDB Connected...
[2022-07-21T10:59:18.807] [INFO] default - Server is running in FORK mode on port 3000
[2022-07-21T10:59:26.580] [INFO] default - MongoDB Connected...
[2022-07-21T10:59:26.591] [INFO] default - Server is running in FORK mode on port 3000
[2022-07-21T10:59:38.126] [INFO] default - MongoDB Connected...
[2022-07-21T10:59:38.135] [INFO] default - Server is running in FORK mode on port 3000
[2022-07-21T11:00:02.339] [INFO] default - MongoDB Connected...
[2022-07-21T11:00:02.347] [INFO] default - Server is running in FORK mode on port 3000
[2022-07-21T11:00:06.991] [INFO] default - MongoDB Connected...
[2022-07-21T11:00:07.001] [INFO] default - Server is running in FORK mode on port 3000
[2022-07-21T11:00:24.529] [INFO] default - MongoDB Connected...
[2022-07-21T11:00:24.541] [INFO] default - Server is running in FORK mode on port 3000
[2022-07-21T11:00:34.703] [INFO] default - MongoDB Connected...
[2022-07-21T11:00:34.727] [INFO] default - Server is running in FORK mode on port 3000
[2022-07-21T11:01:14.985] [INFO] default - MongoDB Connected...
[2022-07-21T11:01:14.993] [INFO] default - Server is running in FORK mode on port 3000
[2022-07-21T11:02:06.033] [INFO] default - MongoDB Connected...
[2022-07-21T11:02:06.041] [INFO] default - Server is running in FORK mode on port 3000
[2022-07-21T11:02:16.309] [INFO] default - MongoDB Connected...
[2022-07-21T11:02:16.318] [INFO] default - Server is running in FORK mode on port 3000
[2022-07-21T11:02:38.748] [INFO] default - MongoDB Connected...
[2022-07-21T11:02:38.773] [INFO] default - Server is running in FORK mode on port 3000
[2022-07-21T11:03:23.630] [INFO] default - Acceso a: ruta /api/v1/carts/62d8ad9effa213743e1575d0/products y método DELETE correcto
[2022-07-21T11:03:25.260] [INFO] default - Acceso a: ruta /api/v1/carts/62d8ad9effa213743e1575d0/products y método DELETE correcto
[2022-07-21T11:03:37.466] [INFO] default - Acceso a: ruta /api/v1/carts/62d8ad9effa213743e1575d0/products y método DELETE correcto
[2022-07-21T11:03:57.138] [INFO] default - MongoDB Connected...
[2022-07-21T11:03:57.147] [INFO] default - Server is running in FORK mode on port 3000
[2022-07-21T11:03:59.259] [INFO] default - Acceso a: ruta /api/v1/carts/62d8ad9effa213743e1575d0/products y método DELETE correcto
[2022-07-21T11:04:13.249] [INFO] default - MongoDB Connected...
[2022-07-21T11:04:13.258] [INFO] default - Server is running in FORK mode on port 3000
[2022-07-21T11:04:14.740] [INFO] default - Acceso a: ruta /api/v1/carts/62d8ad9effa213743e1575d0/products y método DELETE correcto
[2022-07-21T11:05:25.355] [INFO] default - MongoDB Connected...
[2022-07-21T11:05:25.365] [INFO] default - Server is running in FORK mode on port 3000
[2022-07-21T11:05:29.759] [INFO] default - Acceso a: ruta /api/v1/carts/62d8ad9effa213743e1575d0/products y método DELETE correcto
[2022-07-21T11:05:59.132] [INFO] default - Acceso a: ruta /api/v1/carts/62d8ad9effa213743e1575d0/products y método POST correcto
[2022-07-21T11:06:08.456] [INFO] default - Acceso a: ruta /api/v1/carts/62d8ad9effa213743e1575d0/products y método DELETE correcto
[2022-07-21T11:06:13.693] [INFO] default - Acceso a: ruta /api/v1/carts/62d8ad9effa213743e1575d0/products y método DELETE correcto
[2022-07-21T11:06:30.593] [INFO] default - MongoDB Connected...
[2022-07-21T11:06:30.602] [INFO] default - Server is running in FORK mode on port 3000
[2022-07-21T11:06:52.713] [INFO] default - MongoDB Connected...
[2022-07-21T11:06:52.722] [INFO] default - Server is running in FORK mode on port 3000
