[2022-07-19T17:05:42.500] [WARN] warnFile - Recurso Inexistente: ruta /api/v1/products y método GET no definida
[2022-07-19T18:36:34.224] [WARN] warnFile - Recurso Inexistente: ruta /api/v2/products y método GET no definida
[2022-07-20T17:03:59.968] [WARN] warnFile - Recurso Inexistente: ruta /api/v1/products/62c3c91216d341410634e147 y método GET no definida
[2022-07-20T17:04:27.952] [WARN] warnFile - Recurso Inexistente: ruta /api/v1/products/62c3c91216d341410634e147 y método GET no definida
[2022-07-20T17:21:07.526] [WARN] warnFile - Recurso Inexistente: ruta /api/v1/products/62d7ba0eb59dec094104d08b y método PUT no definida
[2022-07-21T10:15:45.351] [WARN] warnFile - Recurso Inexistente: ruta /api/v1/carts/62d7f508aa2e7f7379103124 y método GET no definida
[2022-07-26T20:44:14.465] [WARN] warnFile - Recurso Inexistente: ruta / y método GET no definida
[2022-07-26T20:44:14.476] [WARN] warnFile - Recurso Inexistente: ruta / y método GET no definida
[2022-07-26T20:44:41.273] [WARN] warnFile - Recurso Inexistente: ruta / y método GET no definida
[2022-07-26T20:44:41.291] [WARN] warnFile - Recurso Inexistente: ruta / y método GET no definida
[2022-07-26T20:52:28.506] [WARN] warnFile - Recurso Inexistente: ruta / y método GET no definida
[2022-07-26T20:52:28.542] [WARN] warnFile - Recurso Inexistente: ruta / y método GET no definida
[2022-07-26T20:53:10.438] [WARN] warnFile - Recurso Inexistente: ruta / y método GET no definida
[2022-07-26T20:53:10.453] [WARN] warnFile - Recurso Inexistente: ruta / y método GET no definida
[2022-07-26T20:53:36.943] [WARN] warnFile - Recurso Inexistente: ruta / y método GET no definida
[2022-07-26T20:53:36.954] [WARN] warnFile - Recurso Inexistente: ruta / y método GET no definida
[2022-07-26T20:54:22.079] [WARN] warnFile - Recurso Inexistente: ruta / y método GET no definida
[2022-07-26T20:54:22.088] [WARN] warnFile - Recurso Inexistente: ruta / y método GET no definida
[2022-07-26T20:55:19.383] [WARN] warnFile - Recurso Inexistente: ruta / y método GET no definida
[2022-07-26T20:55:19.395] [WARN] warnFile - Recurso Inexistente: ruta / y método GET no definida
[2022-07-26T20:55:35.855] [WARN] warnFile - Recurso Inexistente: ruta / y método GET no definida
[2022-07-26T20:55:35.863] [WARN] warnFile - Recurso Inexistente: ruta / y método GET no definida
[2022-07-26T20:57:12.431] [WARN] warnFile - Recurso Inexistente: ruta / y método GET no definida
[2022-07-26T20:57:12.442] [WARN] warnFile - Recurso Inexistente: ruta / y método GET no definida
[2022-07-26T20:58:15.055] [WARN] warnFile - Recurso Inexistente: ruta / y método GET no definida
[2022-07-26T20:58:15.065] [WARN] warnFile - Recurso Inexistente: ruta / y método GET no definida
[2022-07-26T20:58:32.177] [WARN] warnFile - Recurso Inexistente: ruta / y método GET no definida
[2022-07-26T20:58:32.185] [WARN] warnFile - Recurso Inexistente: ruta / y método GET no definida
[2022-07-27T09:42:45.846] [WARN] warnFile - Recurso Inexistente: ruta //api/v1/products y método POST no definida
[2022-07-27T09:43:07.854] [WARN] warnFile - Recurso Inexistente: ruta //api/v1/products y método POST no definida
[2022-07-27T09:43:28.776] [WARN] warnFile - Recurso Inexistente: ruta //api/v1/products y método POST no definida
[2022-07-27T12:06:42.973] [WARN] warnFile - Recurso Inexistente: ruta /api/v1/products/ y método DELETE no definida
[2022-07-27T12:07:45.617] [WARN] warnFile - Recurso Inexistente: ruta /api/v1/products/ y método DELETE no definida
[2022-07-27T12:07:45.619] [WARN] warnFile - Recurso Inexistente: ruta /api/v1/products/ y método DELETE no definida
